Export time: 2019/05/22 10:25:31 CEST
Export duration: 44.426s

Export settings:
	Export Geometry: Models with Shape Fallback
	Output Path: C:\Users\karvi_000\Desktop\DP_Vltava_Janovsky\5_CityEngine\DP_Vltava_KamykNadVltavou\models
	applicationName: CityEngine
	applicationString: CityEngine 2017.1.3674 1029R
	applicationVendor: Esri R&D Center Zurich Inc.
	applicationVersion: 2017.1.3674 10291850
	author: karvi_000
	backfaceCulling: false
	baseName: CO_SMO_scene
	compression: true
	emitReports: true
	encoderID: com.esri.prt.codecs.I3SEncoder
	encoderName: Esri Scene Layer Package
	errorFallback: true
	existingFiles: OVERWRITE
	featureGranularity: FEATURE_PER_SHAPE
	ignoreLayers: true
	layerBackfaceCulling: [  ]
	layerEnabled: [  ]
	layerFeatureGranularity: [  ]
	layerName: [  ]
	layerTextureCompression: [ 6 ]
	layerTextureEncoding: [ REENCODE ]
	layerTextureMaxDimension: [ 256 ]
	layerTextureQuality: [ 0.25 ]
	layerTextureScaling: [ 0.5 ]
	layerUID: [  ]
	outputPath: 
	sceneAuth: EPSG
	sceneFile: /DP_Vltava_KamykNadVltavou/scenes/CO_SMO_scene.cej
	sceneType: Global
	sceneWkid: 5514
	script: 
	shapeNameDelimiter: _
	writeLog: true
	writePackage: true

Initial shapes:
	  0 :   OK                'Shape'             OID '37e5096b-e004-11b4-8773-001a7dda7111'
	  1 :   OK                'Shape'             OID '38065854-e004-11b4-8773-001a7dda7111'
	  2 :   OK                'Shape'             OID '380a6b0a-e004-11b4-8773-001a7dda7111'
		CGA Warnings:
			[Method: 'Default$SideFacade'] _$peekFloat(): SplitXYZ: leaf 2 has size 0.000000, too small, ignored
	  3 :   OK                'Shape'             OID '3810166d-e004-11b4-8773-001a7dda7111'
		CGA Warnings:
			[Method: 'Default$SideFacade'] _$peekFloat(): SplitXYZ: leaf 2 has size 0.000000, too small, ignored
	  4 :   OK                'Shape'             OID '38142cf4-e004-11b4-8773-001a7dda7111'
	  5 :   OK                'Shape'             OID '38187151-e004-11b4-8773-001a7dda7111'
	  6 :   OK                'Shape'             OID '381c6761-e004-11b4-8773-001a7dda7111'
	  7 :   OK                'Shape'             OID '3820708a-e004-11b4-8773-001a7dda7111'
	  8 :   OK                'Shape'             OID '3824b8b8-e004-11b4-8773-001a7dda7111'
	  9 :   OK                'Shape'             OID '38289f81-e004-11b4-8773-001a7dda7111'
	 10 :   OK                'Shape'             OID '382cd868-e004-11b4-8773-001a7dda7111'
	 11 :   OK                'Shape'             OID '3830bd48-e004-11b4-8773-001a7dda7111'
	 12 :   OK                'Shape'             OID '3834c85a-e004-11b4-8773-001a7dda7111'
	 13 :   OK                'Shape'             OID '3838e0ca-e004-11b4-8773-001a7dda7111'
		CGA Warnings:
			[Method: 'Default$SideFacade'] _$peekFloat(): SplitXYZ: leaf 2 has size 0.000000, too small, ignored
	 14 :   OK                'Shape'             OID '383c84bc-e004-11b4-8773-001a7dda7111'
		CGA Warnings:
			[Method: 'Default$SideFacade'] _$peekFloat(): SplitXYZ: leaf 2 has size 0.000000, too small, ignored
	 15 :   OK                'Shape'             OID '3840b22d-e004-11b4-8773-001a7dda7111'
	 16 :   OK                'Shape'             OID '38445fac-e004-11b4-8773-001a7dda7111'
	 17 :   OK                'Shape'             OID '3848f06c-e004-11b4-8773-001a7dda7111'
		CGA Warnings:
			[Method: 'Default$SideFacade'] _$peekFloat(): SplitXYZ: leaf 4 has size 0.000000, too small, ignored
	 18 :   OK                'Shape'             OID '384c75cf-e004-11b4-8773-001a7dda7111'
	 19 :   OK                'Shape'             OID '38500891-e004-11b4-8773-001a7dda7111'
	 20 :   OK                'Shape'             OID '3853a6c8-e004-11b4-8773-001a7dda7111'
	 21 :   OK                'Shape'             OID '38575bea-e004-11b4-8773-001a7dda7111'
	 22 :   OK                'Shape'             OID '385b2425-e004-11b4-8773-001a7dda7111'
		CGA Warnings:
			[Method: 'Default$SideFacade'] _$peekFloat(): SplitXYZ: leaf 2 has size 0.000000, too small, ignored
	 23 :   OK                'Shape'             OID '385edd18-e004-11b4-8773-001a7dda7111'
	 24 :   OK                'Shape'             OID '3862b49a-e004-11b4-8773-001a7dda7111'
	 25 :   OK                'Shape'             OID '38668479-e004-11b4-8773-001a7dda7111'
	 26 :   OK                'Shape'             OID '386a972e-e004-11b4-8773-001a7dda7111'
	 27 :   OK                'Shape'             OID '386f3cf0-e004-11b4-8773-001a7dda7111'
	 28 :   OK                'Shape'             OID '38735eec-e004-11b4-8773-001a7dda7111'
	 29 :   OK                'Shape'             OID '38776be7-e004-11b4-8773-001a7dda7111'
	 30 :   OK                'Shape'             OID '387b600e-e004-11b4-8773-001a7dda7111'
	 31 :   OK                'Shape'             OID '387f5dc2-e004-11b4-8773-001a7dda7111'
	 32 :   OK                'Shape'             OID '38836319-e004-11b4-8773-001a7dda7111'
	 33 :   OK                'Shape'             OID '38873e6c-e004-11b4-8773-001a7dda7111'
	 34 :   OK                'Shape'             OID '388b1405-e004-11b4-8773-001a7dda7111'
	 35 :   OK                'Shape'             OID '388f3230-e004-11b4-8773-001a7dda7111'
	 36 :   OK                'Shape'             OID '38932a29-e004-11b4-8773-001a7dda7111'
	 37 :   OK                'Shape'             OID '38975f3e-e004-11b4-8773-001a7dda7111'
	 38 :   OK                'Shape'             OID '389b404d-e004-11b4-8773-001a7dda7111'
	 39 :   OK                'Shape'             OID '389f2715-e004-11b4-8773-001a7dda7111'
	 40 :   OK                'Shape'             OID '38a31d25-e004-11b4-8773-001a7dda7111'
	 41 :   OK                'Shape'             OID '38a71cc2-e004-11b4-8773-001a7dda7111'
	 42 :   OK                'Shape'             OID '38ab724e-e004-11b4-8773-001a7dda7111'
	 43 :   OK                'Shape'             OID '38af798f-e004-11b4-8773-001a7dda7111'
	 44 :   OK                'Shape'             OID '38b3d6be-e004-11b4-8773-001a7dda7111'
	 45 :   OK                'Shape'             OID '38b7730d-e004-11b4-8773-001a7dda7111'
		CGA Warnings:
			[Method: 'Default$SideFacade'] _$peekFloat(): SplitXYZ: leaf 3 has size 0.000000, too small, ignored
	 46 :   OK                'Shape'             OID '38bafa59-e004-11b4-8773-001a7dda7111'
	 47 :   OK                'Shape'             OID '38be8578-e004-11b4-8773-001a7dda7111'
		CGA Warnings:
			[Method: 'Default$SideFacade'] _$peekFloat(): SplitXYZ: leaf 2 has size 0.000000, too small, ignored
	 48 :   OK                'Shape'             OID '38c22d3b-e004-11b4-8773-001a7dda7111'
	 49 :   OK                'Shape'             OID '38c61ba8-e004-11b4-8773-001a7dda7111'
	 50 :   OK                'Shape'             OID '38c9ae69-e004-11b4-8773-001a7dda7111'
	 51 :   OK                'Shape'             OID '38cd48cf-e004-11b4-8773-001a7dda7111'
		CGA Warnings:
			[Method: 'Default$SideFacade'] _$peekFloat(): SplitXYZ: leaf 3 has size 0.000000, too small, ignored
	 52 :   OK                'Shape'             OID '38d0cc49-e004-11b4-8773-001a7dda7111'
	 53 :   OK                'Shape'             OID '38d4a5b4-e004-11b4-8773-001a7dda7111'
	 54 :   OK                'Shape'             OID '38d83c48-e004-11b4-8773-001a7dda7111'
	 55 :   OK                'Shape'             OID '38dbc57d-e004-11b4-8773-001a7dda7111'
		CGA Warnings:
			[Method: 'Default$SideFacade'] _$peekFloat(): SplitXYZ: leaf 3 has size 0.000000, too small, ignored
	 56 :   OK                'Shape'             OID '38dfc8eb-e004-11b4-8773-001a7dda7111'
		CGA Warnings:
			[Method: 'Default$SideFacade'] _$peekFloat(): SplitXYZ: leaf 3 has size 0.000000, too small, ignored
	 57 :   OK                'Shape'             OID '38e3c2cd-e004-11b4-8773-001a7dda7111'
		CGA Warnings:
			[Method: 'Default$SideFacade'] _$peekFloat(): SplitXYZ: leaf 2 has size 0.000000, too small, ignored
	 58 :   OK                'Shape'             OID '38e7e6b3-e004-11b4-8773-001a7dda7111'
	 59 :   OK                'Shape'             OID '38ebc7c1-e004-11b4-8773-001a7dda7111'
	 60 :   OK                'Shape'             OID '38efa6e6-e004-11b4-8773-001a7dda7111'
		CGA Warnings:
			[Method: 'Default$SideFacade'] _$peekFloat(): SplitXYZ: leaf 2 has size 0.000000, too small, ignored
	 61 :   OK                'Shape'             OID '38f40044-e004-11b4-8773-001a7dda7111'
	 62 :   OK                'Shape'             OID '38f7f654-e004-11b4-8773-001a7dda7111'
		CGA Warnings:
			[Method: 'Default$SideFacade'] _$peekFloat(): SplitXYZ: leaf 2 has size 0.000000, too small, ignored
	 63 :   OK                'Shape'             OID '38fc36df-e004-11b4-8773-001a7dda7111'
		CGA Warnings:
			[Method: 'Default$SideFacade'] _$peekFloat(): SplitXYZ: leaf 2 has size 0.000000, too small, ignored
	 64 :   OK                'Shape'             OID '3900367c-e004-11b4-8773-001a7dda7111'
		CGA Warnings:
			[Method: 'Default$SideFacade'] _$peekFloat(): SplitXYZ: leaf 3 has size 0.000000, too small, ignored
	 65 :   OK                'Shape'             OID '39042aa3-e004-11b4-8773-001a7dda7111'
	 66 :   OK                'Shape'             OID '390831e3-e004-11b4-8773-001a7dda7111'
		CGA Warnings:
			[Method: 'Default$SideFacade'] _$peekFloat(): SplitXYZ: leaf 2 has size 0.000000, too small, ignored
	 67 :   OK                'Shape'             OID '390bf64c-e004-11b4-8773-001a7dda7111'
	 68 :   OK                'Shape'             OID '390fa3ca-e004-11b4-8773-001a7dda7111'
		CGA Warnings:
			[Method: 'Default$SideFacade'] _$peekFloat(): SplitXYZ: leaf 3 has size 0.000000, too small, ignored
	 69 :   OK                'Shape'             OID '391332ba-e004-11b4-8773-001a7dda7111'
	 70 :   OK                'Shape'             OID '3916c765-e004-11b4-8773-001a7dda7111'
	 71 :   OK                'Shape'             OID '391a696e-e004-11b4-8773-001a7dda7111'
	 72 :   OK                'Shape'             OID '391e81de-e004-11b4-8773-001a7dda7111'
	 73 :   OK                'Shape'             OID '392262ec-e004-11b4-8773-001a7dda7111'
	 74 :   OK                'Shape'             OID '3926256c-e004-11b4-8773-001a7dda7111'
	 75 :   OK                'Shape'             OID '3929cb47-e004-11b4-8773-001a7dda7111'
	 76 :   OK                'Shape'             OID '392d7c97-e004-11b4-8773-001a7dda7111'
	 77 :   OK                'Shape'             OID '39312bfe-e004-11b4-8773-001a7dda7111'
	 78 :   OK                'Shape'             OID '39353527-e004-11b4-8773-001a7dda7111'
	 79 :   OK                'Shape'             OID '3939efea-e004-11b4-8773-001a7dda7111'
	 80 :   OK                'Shape'             OID '393ecd0e-e004-11b4-8773-001a7dda7111'
		CGA Warnings:
			[Method: 'Default$SideFacade'] _$peekFloat(): SplitXYZ: leaf 3 has size 0.000000, too small, ignored
	 81 :   OK                'Shape'             OID '3943aa31-e004-11b4-8773-001a7dda7111'
	 82 :   OK                'Shape'             OID '3948447e-e004-11b4-8773-001a7dda7111'
		CGA Warnings:
			[Method: 'Default$SideFacade'] _$peekFloat(): SplitXYZ: leaf 2 has size 0.000000, too small, ignored
	 83 :   OK                'Shape'             OID '394cf5b5-e004-11b4-8773-001a7dda7111'
		CGA Warnings:
			[Method: 'Default$SideFacade'] _$peekFloat(): SplitXYZ: leaf 1 has size 0.000000, too small, ignored
	 84 :   OK                'Shape'             OID '3951a8d5-e004-11b4-8773-001a7dda7111'
	 85 :   OK                'Shape'             OID '395687e2-e004-11b4-8773-001a7dda7111'
	 86 :   OK                'Shape'             OID '395b1e5c-e004-11b4-8773-001a7dda7111'
	 87 :   OK                'Shape'             OID '396060b7-e004-11b4-8773-001a7dda7111'
	 88 :   OK                'Shape'             OID '3964f91b-e004-11b4-8773-001a7dda7111'
		CGA Warnings:
			[Method: 'Default$SideFacade'] _$peekFloat(): SplitXYZ: leaf 2 has size 0.000000, too small, ignored
	 89 :   OK                'Shape'             OID '39697a94-e004-11b4-8773-001a7dda7111'
	 90 :   OK                'Shape'             OID '396e18b2-e004-11b4-8773-001a7dda7111'
		CGA Warnings:
			[Method: 'Default$SideFacade'] _$peekFloat(): SplitXYZ: leaf 2 has size 0.000000, too small, ignored
	 91 :   OK                'Shape'             OID '397249f5-e004-11b4-8773-001a7dda7111'
	 92 :   OK                'Shape'             OID '39766ddb-e004-11b4-8773-001a7dda7111'
	 93 :   OK                'Shape'             OID '397ad869-e004-11b4-8773-001a7dda7111'
	 94 :   OK                'Shape'             OID '397f396b-e004-11b4-8773-001a7dda7111'
	 95 :   OK                'Shape'             OID '39845b4e-e004-11b4-8773-001a7dda7111'
	 96 :   OK                'Shape'             OID '398ae80b-e004-11b4-8773-001a7dda7111'
		CGA Warnings:
			[Method: 'Default$SideFacade'] _$peekFloat(): SplitXYZ: leaf 1 has size 0.000000, too small, ignored
	 97 :   OK                'Shape'             OID '39909557-e004-11b4-8773-001a7dda7111'
	 98 :   OK                'Shape'             OID '3995e510-e004-11b4-8773-001a7dda7111'
	 99 :   OK                'Shape'             OID '399acbc0-e004-11b4-8773-001a7dda7111'
	100 :   OK                'Shape'             OID '399f7182-e004-11b4-8773-001a7dda7111'
	101 :   OK                'Shape'             OID '39a4841f-e004-11b4-8773-001a7dda7111'
	102 :   OK                'Shape'             OID '39a9a9d4-e004-11b4-8773-001a7dda7111'
	103 :   OK                'Shape'             OID '39ae963f-e004-11b4-8773-001a7dda7111'
	104 :   OK                'Shape'             OID '39b3a138-e004-11b4-8773-001a7dda7111'
	105 :   OK                'Shape'             OID '39b8b002-e004-11b4-8773-001a7dda7111'
		CGA Warnings:
			[Method: 'Default$SideFacade'] _$peekFloat(): SplitXYZ: leaf 2 has size 0.000000, too small, ignored
	106 :   OK                'Shape'             OID '39bd763b-e004-11b4-8773-001a7dda7111'
		CGA Warnings:
			[Method: 'Default$SideFacade'] _$peekFloat(): SplitXYZ: leaf 3 has size 0.000000, too small, ignored
	107 :   OK                'Shape'             OID '39c223a1-e004-11b4-8773-001a7dda7111'
	108 :   OK                'Shape'             OID '39c80e0a-e004-11b4-8773-001a7dda7111'
		CGA Warnings:
			[Method: 'Default$SideFacade'] _$peekFloat(): SplitXYZ: leaf 2 has size 0.000000, too small, ignored
	109 :   OK                'Shape'             OID '39cda83d-e004-11b4-8773-001a7dda7111'
		CGA Warnings:
			[Method: 'Default$SideFacade'] _$peekFloat(): SplitXYZ: leaf 2 has size 0.000000, too small, ignored
	110 :   OK                'Shape'             OID '39d24fe8-e004-11b4-8773-001a7dda7111'
	111 :   OK                'Shape'             OID '39d6d161-e004-11b4-8773-001a7dda7111'
	112 :   OK                'Shape'             OID '39db3263-e004-11b4-8773-001a7dda7111'
	113 :   OK                'Shape'             OID '39dfaa4f-e004-11b4-8773-001a7dda7111'



Files created:
	Unknown:
		GEOMETRY:
			Path: nodes/0/geometries/0.bin
			Total Meshes: 6679
			Total Polygons: 15021
		GEOMETRY:
			Initial Shapes: 0, 2, 17, 19, 22, 31, 41, 57, 58, 60, 63, 66, 70, 71, 92, 93, 98, 99, 103, 105
			Path: nodes/0_0/geometries/0.bin
			Total Meshes: 1196
			Total Polygons: 2392
		GEOMETRY:
			Initial Shapes: 0, 1, 2, 3, 4, 5, 6, 7, 8, 9, 10, 11, 12, 13, 14, 15, 16, 17, 18, 19, 20, 21, 22, 23, 24, 25, 26, 27, 28, 29, 30, 31, 32, 33, 34, 35, 36, 37, 38, 39, 40, 41, 42, 43, 44, 45, 46, 47, 48, 49, 50, 51, 52, 53, 54, 55, 56, 57, 58, 59, 60, 61, 62, 63, 64, 65, 66, 67, 68, 69, 70, 71, 72, 73, 74, 75, 76, 77, 78, 79, 80, 81, 82, 83, 84, 85, 86, 87, 88, 89, 90, 91, 92, 93, 94, 95, 96, 97, 98, 99, 100, 101, 102, 103, 104, 105, 106, 107, 108, 109, 110, 111, 112, 113
			Path: nodes/0_1/geometries/0.bin
			Total Meshes: 14625
			Total Polygons: 33403
		TEXTURE:
			textureatlas_0: 16 textures, size 4096x256x3
			   | Name                                                                                                                       | Pos in atlas | Scaled size | Size in atlas | Source size 
			===+============================================================================================================================+==============+=============+===============+=============
			 1  'file:/C:/Users/karvi_000/Desktop/DP_Vltava_Janovsky/5_CityEngine/DP_Vltava_KamykNadVltavou/assets/roofs/tasky3.jpg'         '24 13'        '207 230'     '207 230'       '300 333'    
			 2  'file:/C:/Users/karvi_000/Desktop/DP_Vltava_Janovsky/5_CityEngine/DP_Vltava_KamykNadVltavou/assets/facades/podezdivka.jpg'   '3853 12'      '229 306'     '229 103'       '384 512'    
			 3  'file:/C:/Users/karvi_000/Desktop/DP_Vltava_Janovsky/5_CityEngine/DP_Vltava_KamykNadVltavou/assets/roofs/tasky6.jpg'         '269 13'       '230 230'     '230 230'       '330 330'    
			 4  'file:/C:/Users/karvi_000/Desktop/DP_Vltava_Janovsky/5_CityEngine/DP_Vltava_KamykNadVltavou/assets/roofs/tasky4.jpg'         '542 13'       '196 230'     '196 230'       '276 323'    
			 5  'file:/C:/Users/karvi_000/Desktop/DP_Vltava_Janovsky/5_CityEngine/DP_Vltava_KamykNadVltavou/assets/facades/kulna.jpg'        '781 23'       '230 209'     '230 209'       '260 237'    
			 6  'file:/C:/Users/karvi_000/Desktop/DP_Vltava_Janovsky/5_CityEngine/DP_Vltava_KamykNadVltavou/assets/roofs/tasky5.jpg'         '1064 13'      '176 230'     '176 230'       '180 235'    
			 7  'file:/C:/Users/karvi_000/Desktop/DP_Vltava_Janovsky/5_CityEngine/DP_Vltava_KamykNadVltavou/assets/windows/okno_cervene.jpg' '1328 13'      '160 230'     '160 230'       '164 235'    
			 8  'file:/C:/Users/karvi_000/Desktop/DP_Vltava_Janovsky/5_CityEngine/DP_Vltava_KamykNadVltavou/assets/roofs/sindel_dreveny.jpg' '1549 13'      '230 230'     '230 230'       '256 256'    
			 9  'file:/C:/Users/karvi_000/Desktop/DP_Vltava_Janovsky/5_CityEngine/DP_Vltava_KamykNadVltavou/assets/windows/okno_bile.jpg'    '1846 37'      '148 181'     '148 181'       '148 181'    
			10  'file:/C:/Users/karvi_000/Desktop/DP_Vltava_Janovsky/5_CityEngine/DP_Vltava_KamykNadVltavou/assets/roofs/eternit2.jpg'       '2089 43'      '174 170'     '174 170'       '174 170'    
			11  'file:/C:/Users/karvi_000/Desktop/DP_Vltava_Janovsky/5_CityEngine/DP_Vltava_KamykNadVltavou/assets/roofs/tasky2.jpg'         '2317 55'      '230 146'     '230 146'       '256 163'    
			12  'file:/C:/Users/karvi_000/Desktop/DP_Vltava_Janovsky/5_CityEngine/DP_Vltava_KamykNadVltavou/assets/facades/omitka_zluta.jpg' '2611 13'      '153 230'     '153 230'       '256 384'    
			13  'file:/C:/Users/karvi_000/Desktop/DP_Vltava_Janovsky/5_CityEngine/DP_Vltava_KamykNadVltavou/assets/facades/omitka.jpg'       '2867 13'      '153 230'     '153 230'       '256 384'    
			14  'file:/C:/Users/karvi_000/Desktop/DP_Vltava_Janovsky/5_CityEngine/DP_Vltava_KamykNadVltavou/assets/roofs/sindel.jpg'         '3136 64'      '128 128'     '128 128'       '128 128'    
			15  'file:/C:/Users/karvi_000/Desktop/DP_Vltava_Janovsky/5_CityEngine/DP_Vltava_KamykNadVltavou/assets/facades/omitka2.tif'      '3341 39'      '230 178'     '230 178'       '528 410'    
			16  'file:/C:/Users/karvi_000/Desktop/DP_Vltava_Janovsky/5_CityEngine/DP_Vltava_KamykNadVltavou/assets/facades/roubenka.jpg'     '3616 13'      '191 230'     '191 230'       '256 307'    
		TEXTURE:
			Subtexture Count: 2
			Texture Size: 4096x512
			Texture id: 3
			  | Patch Position | Patch Size | Source Size | Texture Name   
			==+================+============+=============+================
			1  '0,256'          '32x32'      '32x32'       ''              
			2  '0,0'            '4096x256'   '4096x256'    'textureatlas_0'
		TEXTURE:
			Subtexture Count: 1
			Texture Size: 32x32
			Texture id: 1
			  | Source Size | Texture Name 
			==+=============+==============
			1  '32x32'       ''            
		TEXTURE:
			Subtexture Count: 1
			Texture Size: 4096x256
			Texture id: 2
			  | Source Size | Texture Name   
			==+=============+================
			1  '4096x256'    'textureatlas_0'
		UNDEFINED:
			Bounding Box: [14.249811, 49.638478, 271.081091], [14.257667, 49.643417, 297.486689]
			Geometry: nodes/0_0/geometries/0.bin
			Material: CityEngineMaterial_2
			Node: nodes/0_0/
			Texture: 1
		UNDEFINED:
			Bounding Box: [14.247704, 49.637661, 270.000000], [14.258004, 49.643505, 304.557069]
			Geometry: nodes/0_1/geometries/0.bin
			Material: CityEngineMaterial
			Node: nodes/0_1/
			Texture: 2
		UNDEFINED:
			Bounding Box: [14.247704, 49.637661, 270.000000], [14.258004, 49.643505, 304.557069]
			Geometry: nodes/0/geometries/0.bin
			Material: CityEngineMaterial
			Node: nodes/0/
			Texture: 3
		UNDEFINED:
			Bounding Box: [14.247704, 49.637661, 270.000000], [14.258004, 49.643505, 304.557069]
			Node: nodes/root/